<?xml version="1.0" encoding="UTF-8"?>
<!-- Generated by org.testng.reporters.JUnitReportReporter -->
<testsuite hostname="LAPTOP-G0GKC0HK" failures="0" tests="2" name="tastPack.test2" time="0.004" errors="0" timestamp="2022-06-05T16:25:08 IST" skipped="0">
  <testcase classname="tastPack.test2" name="testD" time="0.002"/>
  <system-out/>
  <testcase classname="tastPack.test2" name="testC" time="0.002"/>
  <system-out/>
</testsuite> <!-- tastPack.test2 -->
