<?xml version="1.0" encoding="UTF-8"?>
<!-- Generated by org.testng.reporters.JUnitReportReporter -->
<testsuite hostname="LAPTOP-G0GKC0HK" failures="0" tests="1" name="tastPack.test1" time="0.005" errors="0" timestamp="2022-06-05T16:25:08 IST" skipped="0">
  <testcase classname="tastPack.test1" name="testA" time="0.005"/>
  <system-out/>
</testsuite> <!-- tastPack.test1 -->
